<?xml version="1.0" encoding="UTF-8"?>
<testsuite xmlns:xsi="http://www.w3.org/2001/XMLSchema-instance" xsi:noNamespaceSchemaLocation="https://maven.apache.org/surefire/maven-surefire-plugin/xsd/surefire-test-report-3.0.xsd" version="3.0" name="com.sagar.karate.demo.KarateRunner" time="2.831" tests="5" errors="0" skipped="0" failures="0">
  <properties>
[...]
</properties>
  <testcase name="[1:8] Create a new user with details from a file" classname="com/sagar/karate/demo/register/register" time="1.649">
    <system-out><![CDATA[12:52:59.545 [main] INFO  com.intuit.karate - Karate environment is: dev 
---------------------------------------------------------
feature: classpath:com/sagar/karate/demo/register/register.feature
scenarios:  1 | passed:  1 | failed:  0 | time: 0.5796
---------------------------------------------------------

]]></system-out>
  </testcase>
  <testcase name="[1:10] Get a single user by ID" classname="com/sagar/karate/demo/users/user" time="0.054">
    <system-out><![CDATA[12:53:00.561 [main] INFO  com.intuit.karate - Karate environment is: dev 
12:53:00.600 [main] INFO  com.intuit.karate - [print] Response body is:  {
  "data": {
    "id": 2,
    "email": "janet.weaver@reqres.in",
    "first_name": "Janet",
    "last_name": "Weaver",
    "avatar": "https://reqres.in/img/faces/2-image.jpg"
  },
  "support": {
    "url": "https://contentcaddy.io?utm_source=reqres&utm_medium=json&utm_campaign=referral",
    "text": "Tired of writing endless social media content? Let Content Caddy generate it for you."
  },
  "_meta": {
    "powered_by": "🚀 ReqRes - Deploy backends in 30 seconds",
    "upgrade_url": "https://app.reqres.in/upgrade",
    "docs_url": "https://reqres.in",
    "template_gallery": "https://app.reqres.in/templates",
    "message": "This API is powered by ReqRes. Deploy your own backend in 30 seconds!",
    "features": [
      "30 Second Backend Templates",
      "Custom API Endpoints",
      "Data Persistence",
      "Real-time Analytics"
    ],
    "upgrade_cta": "Upgrade to Pro for unlimited requests, custom endpoints, and data persistence"
  }
}
 
]]></system-out>
  </testcase>
  <testcase name="[2:22] Get user 3" classname="com/sagar/karate/demo/users/user" time="0.039">
    <system-out><![CDATA[12:53:00.612 [main] INFO  com.intuit.karate - Karate environment is: dev 
]]></system-out>
  </testcase>
  <testcase name="[3:28] Compare user schemas" classname="com/sagar/karate/demo/users/user" time="0.07">
    <system-out><![CDATA[12:53:00.651 [main] INFO  com.intuit.karate - Karate environment is: dev 
]]></system-out>
  </testcase>
  <testcase name="[4:41] Call user 2 twice and compare responses" classname="com/sagar/karate/demo/users/user" time="0.296">
    <system-out><![CDATA[12:53:00.721 [main] INFO  com.intuit.karate - Karate environment is: dev 
---------------------------------------------------------
feature: classpath:com/sagar/karate/demo/users/user.feature
scenarios:  4 | passed:  4 | failed:  0 | time: 0.1881
---------------------------------------------------------

Karate version: 1.4.1
======================================================
elapsed:   2.23 | threads:    1 | thread time: 0.77 
features:     2 | skipped:    0 | efficiency: 0.35
scenarios:    5 | passed:     5 | failed: 0
======================================================

HTML report: (paste into browser to view) | Karate version: 1.4.1
file:///home/sagarv/Projects/Karate-Playwright/api/target/karate-reports/karate-summary.html
===================================================================

]]></system-out>
  </testcase>
</testsuite>